app/build/intermediates/manifest_merge_blame_file/debug/manifest-merger-blame-debug-report.txt
1<?xml version="1.0" encoding="utf-8"?>
2<manifest xmlns:android="http://schemas.android.com/apk/res/android"
3    package="com.android.bloomroomapp"
4    android:versionCode="1"
5    android:versionName="1.0" >
6
7    <uses-sdk
8        android:minSdkVersion="24"
8-->src\main\AndroidManifest.xml
9        android:targetSdkVersion="33" />
9-->src\main\AndroidManifest.xml
10
11    <uses-permission android:name="android.permission.INTERNET" />
11-->src\main\AndroidManifest.xml:5:5-67
11-->src\main\AndroidManifest.xml:5:22-64
12    <uses-permission android:name="android.permission.ACCESS_COARSE_LOCATION" />
12-->src\main\AndroidManifest.xml:6:5-81
12-->src\main\AndroidManifest.xml:6:22-78
13    <uses-permission android:name="android.permission.ACCESS_FINE_LOCATION" />
13-->src\main\AndroidManifest.xml:7:5-79
13-->src\main\AndroidManifest.xml:7:22-76
14    <uses-permission android:name="android.permission.ACCESS_BACKGROUND_LOCATION" />
14-->src\main\AndroidManifest.xml:8:5-85
14-->src\main\AndroidManifest.xml:8:22-82
15    <uses-permission android:name="android.permission.ACCESS_WIFI_STATE" />
15-->[com.google.android.libraries.places:places:3.3.0] AndroidManifest.xml:11:5-76
15-->[com.google.android.libraries.places:places:3.3.0] AndroidManifest.xml:11:22-73
16    <uses-permission android:name="android.permission.ACCESS_NETWORK_STATE" />
16-->[com.google.firebase:firebase-auth:22.3.0] AndroidManifest.xml:26:5-79
16-->[com.google.firebase:firebase-auth:22.3.0] AndroidManifest.xml:26:22-76
17
18    <uses-feature
18-->[com.google.android.gms:play-services-maps:18.2.0] AndroidManifest.xml:26:5-28:35
19        android:glEsVersion="0x00020000"
19-->[com.google.android.gms:play-services-maps:18.2.0] AndroidManifest.xml:27:9-41
20        android:required="true" />
20-->[com.google.android.gms:play-services-maps:18.2.0] AndroidManifest.xml:28:9-32
21
22    <queries>
22-->[com.google.android.gms:play-services-maps:18.2.0] AndroidManifest.xml:30:5-34:15
23
24        <!-- Needs to be explicitly declared on Android R+ -->
25        <package android:name="com.google.android.apps.maps" />
25-->[com.google.android.gms:play-services-maps:18.2.0] AndroidManifest.xml:33:9-64
25-->[com.google.android.gms:play-services-maps:18.2.0] AndroidManifest.xml:33:18-61
26    </queries>
27
28    <permission
28-->[androidx.core:core:1.9.0] AndroidManifest.xml:22:5-24:47
29        android:name="com.android.bloomroomapp.DYNAMIC_RECEIVER_NOT_EXPORTED_PERMISSION"
29-->[androidx.core:core:1.9.0] AndroidManifest.xml:23:9-81
30        android:protectionLevel="signature" />
30-->[androidx.core:core:1.9.0] AndroidManifest.xml:24:9-44
31
32    <uses-permission android:name="com.android.bloomroomapp.DYNAMIC_RECEIVER_NOT_EXPORTED_PERMISSION" />
32-->[androidx.core:core:1.9.0] AndroidManifest.xml:26:5-97
32-->[androidx.core:core:1.9.0] AndroidManifest.xml:26:22-94
33
34    <application
34-->src\main\AndroidManifest.xml:10:5-98:19
35        android:allowBackup="true"
35-->src\main\AndroidManifest.xml:12:9-35
36        android:appComponentFactory="androidx.core.app.CoreComponentFactory"
36-->[androidx.core:core:1.9.0] AndroidManifest.xml:28:18-86
37        android:debuggable="true"
38        android:extractNativeLibs="false"
39        android:icon="@mipmap/ic_launcher"
39-->src\main\AndroidManifest.xml:13:9-43
40        android:label="@string/app_name"
40-->src\main\AndroidManifest.xml:14:9-41
41        android:roundIcon="@mipmap/ic_launcher_round"
41-->src\main\AndroidManifest.xml:15:9-54
42        android:supportsRtl="true"
42-->src\main\AndroidManifest.xml:16:9-35
43        android:testOnly="true"
44        android:theme="@style/Theme.BloomRoom"
44-->src\main\AndroidManifest.xml:17:9-47
45        android:usesCleartextTraffic="true" >
45-->src\main\AndroidManifest.xml:11:9-44
46        <activity
46-->src\main\AndroidManifest.xml:18:9-24:20
47            android:name="com.android.bloomroomapp.Admin.OrderDetailsAdmin"
47-->src\main\AndroidManifest.xml:19:13-52
48            android:exported="false" >
48-->src\main\AndroidManifest.xml:20:13-37
49            <meta-data
49-->src\main\AndroidManifest.xml:21:13-23:36
50                android:name="android.app.lib_name"
50-->src\main\AndroidManifest.xml:22:17-52
51                android:value="" />
51-->src\main\AndroidManifest.xml:23:17-33
52        </activity>
53        <activity
53-->src\main\AndroidManifest.xml:25:9-31:20
54            android:name="com.android.bloomroomapp.Activity.OrderDetails"
54-->src\main\AndroidManifest.xml:26:13-50
55            android:exported="false" >
55-->src\main\AndroidManifest.xml:27:13-37
56            <meta-data
56-->src\main\AndroidManifest.xml:21:13-23:36
57                android:name="android.app.lib_name"
57-->src\main\AndroidManifest.xml:22:17-52
58                android:value="" />
58-->src\main\AndroidManifest.xml:23:17-33
59        </activity>
60        <activity
60-->src\main\AndroidManifest.xml:32:9-40:20
61            android:name="com.android.bloomroomapp.Admin.ReportsActivity"
61-->src\main\AndroidManifest.xml:33:13-50
62            android:exported="false"
62-->src\main\AndroidManifest.xml:34:13-37
63            android:label="@string/title_activity_reports"
63-->src\main\AndroidManifest.xml:35:13-59
64            android:theme="@style/Theme.BloomRoom.NoActionBar" >
64-->src\main\AndroidManifest.xml:36:13-63
65            <meta-data
65-->src\main\AndroidManifest.xml:21:13-23:36
66                android:name="android.app.lib_name"
66-->src\main\AndroidManifest.xml:22:17-52
67                android:value="" />
67-->src\main\AndroidManifest.xml:23:17-33
68        </activity>
69        <activity
69-->src\main\AndroidManifest.xml:41:9-47:20
70            android:name="com.android.bloomroomapp.Admin.AdminFeedbackActivity"
70-->src\main\AndroidManifest.xml:42:13-56
71            android:exported="false" >
71-->src\main\AndroidManifest.xml:43:13-37
72            <meta-data
72-->src\main\AndroidManifest.xml:21:13-23:36
73                android:name="android.app.lib_name"
73-->src\main\AndroidManifest.xml:22:17-52
74                android:value="" />
74-->src\main\AndroidManifest.xml:23:17-33
75        </activity>
76        <activity
76-->src\main\AndroidManifest.xml:48:9-54:20
77            android:name="com.android.bloomroomapp.Activity.AddNewFeedbackActivity"
77-->src\main\AndroidManifest.xml:49:13-60
78            android:exported="false" >
78-->src\main\AndroidManifest.xml:50:13-37
79            <meta-data
79-->src\main\AndroidManifest.xml:21:13-23:36
80                android:name="android.app.lib_name"
80-->src\main\AndroidManifest.xml:22:17-52
81                android:value="" />
81-->src\main\AndroidManifest.xml:23:17-33
82        </activity>
83        <activity
83-->src\main\AndroidManifest.xml:55:9-61:20
84            android:name="com.android.bloomroomapp.Activity.FeedbacksActivity"
84-->src\main\AndroidManifest.xml:56:13-55
85            android:exported="false" >
85-->src\main\AndroidManifest.xml:57:13-37
86            <meta-data
86-->src\main\AndroidManifest.xml:21:13-23:36
87                android:name="android.app.lib_name"
87-->src\main\AndroidManifest.xml:22:17-52
88                android:value="" />
88-->src\main\AndroidManifest.xml:23:17-33
89        </activity>
90        <activity
90-->src\main\AndroidManifest.xml:62:9-64:39
91            android:name="com.android.bloomroomapp.Activity.SearchFiltersActivity"
91-->src\main\AndroidManifest.xml:63:13-59
92            android:exported="true" />
92-->src\main\AndroidManifest.xml:64:13-36
93        <activity
93-->src\main\AndroidManifest.xml:65:9-67:39
94            android:name="com.android.bloomroomapp.Admin.CustomersOrders"
94-->src\main\AndroidManifest.xml:66:13-50
95            android:exported="true" />
95-->src\main\AndroidManifest.xml:67:13-36
96        <activity
96-->src\main\AndroidManifest.xml:68:9-70:39
97            android:name="com.android.bloomroomapp.Activity.ProductDetailsActivity"
97-->src\main\AndroidManifest.xml:69:13-60
98            android:exported="true" />
98-->src\main\AndroidManifest.xml:70:13-36
99        <activity android:name="com.android.bloomroomapp.Admin.ViewAllProductsActivity" />
99-->src\main\AndroidManifest.xml:71:9-67
99-->src\main\AndroidManifest.xml:71:19-64
100        <activity android:name="com.android.bloomroomapp.Admin.NewProductActivity" />
100-->src\main\AndroidManifest.xml:72:9-62
100-->src\main\AndroidManifest.xml:72:19-59
101        <activity android:name="com.android.bloomroomapp.Admin.NewCategoryActivity" />
101-->src\main\AndroidManifest.xml:73:9-63
101-->src\main\AndroidManifest.xml:73:19-60
102        <activity android:name="com.android.bloomroomapp.Admin.NewOfferActivity" />
102-->src\main\AndroidManifest.xml:74:9-60
102-->src\main\AndroidManifest.xml:74:19-57
103        <activity
103-->src\main\AndroidManifest.xml:75:9-78:66
104            android:name="com.android.bloomroomapp.Activity.MainActivity"
104-->src\main\AndroidManifest.xml:76:13-50
105            android:label="@string/app_name"
105-->src\main\AndroidManifest.xml:77:13-45
106            android:theme="@style/Theme.BloomRoom.NoActionBar" />
106-->src\main\AndroidManifest.xml:78:13-63
107        <activity android:name="com.android.bloomroomapp.Activity.LoginActivity" />
107-->src\main\AndroidManifest.xml:79:9-60
107-->src\main\AndroidManifest.xml:79:19-57
108        <activity android:name="com.android.bloomroomapp.Activity.SignupUserActivity" />
108-->src\main\AndroidManifest.xml:80:9-65
108-->src\main\AndroidManifest.xml:80:19-62
109        <activity android:name="com.android.bloomroomapp.Activity.CartActivity" />
109-->src\main\AndroidManifest.xml:81:9-59
109-->src\main\AndroidManifest.xml:81:19-56
110        <activity android:name="com.android.bloomroomapp.Activity.CheckOutActivity" />
110-->src\main\AndroidManifest.xml:82:9-63
110-->src\main\AndroidManifest.xml:82:19-60
111        <activity android:name="com.android.bloomroomapp.Admin.AdminHome" />
111-->src\main\AndroidManifest.xml:83:9-53
111-->src\main\AndroidManifest.xml:83:19-50
112        <activity android:name="com.android.bloomroomapp.Admin.AdminLoginActivity" />
112-->src\main\AndroidManifest.xml:84:9-62
112-->src\main\AndroidManifest.xml:84:19-59
113        <activity android:name="com.android.bloomroomapp.Activity.EventLocationActivity" />
113-->src\main\AndroidManifest.xml:85:9-68
113-->src\main\AndroidManifest.xml:85:19-65
114        <activity
114-->src\main\AndroidManifest.xml:86:9-93:20
115            android:name="com.android.bloomroomapp.Activity.SplashScreen"
115-->src\main\AndroidManifest.xml:86:19-56
116            android:exported="true" >
116-->src\main\AndroidManifest.xml:87:13-36
117            <intent-filter>
117-->src\main\AndroidManifest.xml:88:13-92:29
118                <action android:name="android.intent.action.MAIN" />
118-->src\main\AndroidManifest.xml:89:17-69
118-->src\main\AndroidManifest.xml:89:25-66
119
120                <category android:name="android.intent.category.LAUNCHER" />
120-->src\main\AndroidManifest.xml:91:17-77
120-->src\main\AndroidManifest.xml:91:27-74
121            </intent-filter>
122        </activity>
123
124        <meta-data
124-->src\main\AndroidManifest.xml:95:9-97:71
125            android:name="com.google.android.maps.v2.API_KEY"
125-->src\main\AndroidManifest.xml:96:13-62
126            android:value="AIzaSyBsM2h7R9JB4gQAG3o9U5lv4xwaj3duKUs" />
126-->src\main\AndroidManifest.xml:97:13-68
127
128        <activity
128-->[com.google.android.libraries.places:places:3.3.0] AndroidManifest.xml:15:9-21:20
129            android:name="com.google.android.libraries.places.widget.AutocompleteActivity"
129-->[com.google.android.libraries.places:places:3.3.0] AndroidManifest.xml:16:13-91
130            android:exported="false"
130-->[com.google.android.libraries.places:places:3.3.0] AndroidManifest.xml:17:13-37
131            android:label="@string/places_autocomplete_label"
131-->[com.google.android.libraries.places:places:3.3.0] AndroidManifest.xml:18:13-62
132            android:theme="@style/PlacesAutocompleteOverlay"
132-->[com.google.android.libraries.places:places:3.3.0] AndroidManifest.xml:19:13-61
133            android:windowSoftInputMode="adjustResize" >
133-->[com.google.android.libraries.places:places:3.3.0] AndroidManifest.xml:20:13-55
134        </activity>
135        <activity
135-->[com.google.firebase:firebase-auth:22.3.0] AndroidManifest.xml:29:9-46:20
136            android:name="com.google.firebase.auth.internal.GenericIdpActivity"
136-->[com.google.firebase:firebase-auth:22.3.0] AndroidManifest.xml:30:13-80
137            android:excludeFromRecents="true"
137-->[com.google.firebase:firebase-auth:22.3.0] AndroidManifest.xml:31:13-46
138            android:exported="true"
138-->[com.google.firebase:firebase-auth:22.3.0] AndroidManifest.xml:32:13-36
139            android:launchMode="singleTask"
139-->[com.google.firebase:firebase-auth:22.3.0] AndroidManifest.xml:33:13-44
140            android:theme="@android:style/Theme.Translucent.NoTitleBar" >
140-->[com.google.firebase:firebase-auth:22.3.0] AndroidManifest.xml:34:13-72
141            <intent-filter>
141-->[com.google.firebase:firebase-auth:22.3.0] AndroidManifest.xml:35:13-45:29
142                <action android:name="android.intent.action.VIEW" />
142-->[com.google.firebase:firebase-auth:22.3.0] AndroidManifest.xml:36:17-69
142-->[com.google.firebase:firebase-auth:22.3.0] AndroidManifest.xml:36:25-66
143
144                <category android:name="android.intent.category.DEFAULT" />
144-->[com.google.firebase:firebase-auth:22.3.0] AndroidManifest.xml:38:17-76
144-->[com.google.firebase:firebase-auth:22.3.0] AndroidManifest.xml:38:27-73
145                <category android:name="android.intent.category.BROWSABLE" />
145-->[com.google.firebase:firebase-auth:22.3.0] AndroidManifest.xml:39:17-78
145-->[com.google.firebase:firebase-auth:22.3.0] AndroidManifest.xml:39:27-75
146
147                <data
147-->[com.google.firebase:firebase-auth:22.3.0] AndroidManifest.xml:41:17-44:51
148                    android:host="firebase.auth"
148-->[com.google.firebase:firebase-auth:22.3.0] AndroidManifest.xml:42:21-49
149                    android:path="/"
149-->[com.google.firebase:firebase-auth:22.3.0] AndroidManifest.xml:43:21-37
150                    android:scheme="genericidp" />
150-->[com.google.firebase:firebase-auth:22.3.0] AndroidManifest.xml:44:21-48
151            </intent-filter>
152        </activity>
153        <activity
153-->[com.google.firebase:firebase-auth:22.3.0] AndroidManifest.xml:47:9-64:20
154            android:name="com.google.firebase.auth.internal.RecaptchaActivity"
154-->[com.google.firebase:firebase-auth:22.3.0] AndroidManifest.xml:48:13-79
155            android:excludeFromRecents="true"
155-->[com.google.firebase:firebase-auth:22.3.0] AndroidManifest.xml:49:13-46
156            android:exported="true"
156-->[com.google.firebase:firebase-auth:22.3.0] AndroidManifest.xml:50:13-36
157            android:launchMode="singleTask"
157-->[com.google.firebase:firebase-auth:22.3.0] AndroidManifest.xml:51:13-44
158            android:theme="@android:style/Theme.Translucent.NoTitleBar" >
158-->[com.google.firebase:firebase-auth:22.3.0] AndroidManifest.xml:52:13-72
159            <intent-filter>
159-->[com.google.firebase:firebase-auth:22.3.0] AndroidManifest.xml:53:13-63:29
160                <action android:name="android.intent.action.VIEW" />
160-->[com.google.firebase:firebase-auth:22.3.0] AndroidManifest.xml:36:17-69
160-->[com.google.firebase:firebase-auth:22.3.0] AndroidManifest.xml:36:25-66
161
162                <category android:name="android.intent.category.DEFAULT" />
162-->[com.google.firebase:firebase-auth:22.3.0] AndroidManifest.xml:38:17-76
162-->[com.google.firebase:firebase-auth:22.3.0] AndroidManifest.xml:38:27-73
163                <category android:name="android.intent.category.BROWSABLE" />
163-->[com.google.firebase:firebase-auth:22.3.0] AndroidManifest.xml:39:17-78
163-->[com.google.firebase:firebase-auth:22.3.0] AndroidManifest.xml:39:27-75
164
165                <data
165-->[com.google.firebase:firebase-auth:22.3.0] AndroidManifest.xml:41:17-44:51
166                    android:host="firebase.auth"
166-->[com.google.firebase:firebase-auth:22.3.0] AndroidManifest.xml:42:21-49
167                    android:path="/"
167-->[com.google.firebase:firebase-auth:22.3.0] AndroidManifest.xml:43:21-37
168                    android:scheme="recaptcha" />
168-->[com.google.firebase:firebase-auth:22.3.0] AndroidManifest.xml:44:21-48
169            </intent-filter>
170        </activity>
171
172        <service
172-->[com.google.firebase:firebase-auth:22.3.0] AndroidManifest.xml:66:9-72:19
173            android:name="com.google.firebase.components.ComponentDiscoveryService"
173-->[com.google.firebase:firebase-auth:22.3.0] AndroidManifest.xml:67:13-84
174            android:directBootAware="true"
174-->[com.google.firebase:firebase-common:20.4.2] AndroidManifest.xml:32:13-43
175            android:exported="false" >
175-->[com.google.firebase:firebase-auth:22.3.0] AndroidManifest.xml:68:13-37
176            <meta-data
176-->[com.google.firebase:firebase-auth:22.3.0] AndroidManifest.xml:69:13-71:85
177                android:name="com.google.firebase.components:com.google.firebase.auth.FirebaseAuthRegistrar"
177-->[com.google.firebase:firebase-auth:22.3.0] AndroidManifest.xml:70:17-109
178                android:value="com.google.firebase.components.ComponentRegistrar" />
178-->[com.google.firebase:firebase-auth:22.3.0] AndroidManifest.xml:71:17-82
179            <meta-data
179-->[com.google.firebase:firebase-database:20.3.0] AndroidManifest.xml:29:13-31:85
180                android:name="com.google.firebase.components:com.google.firebase.database.FirebaseDatabaseKtxRegistrar"
180-->[com.google.firebase:firebase-database:20.3.0] AndroidManifest.xml:30:17-120
181                android:value="com.google.firebase.components.ComponentRegistrar" />
181-->[com.google.firebase:firebase-database:20.3.0] AndroidManifest.xml:31:17-82
182            <meta-data
182-->[com.google.firebase:firebase-database:20.3.0] AndroidManifest.xml:32:13-34:85
183                android:name="com.google.firebase.components:com.google.firebase.database.DatabaseRegistrar"
183-->[com.google.firebase:firebase-database:20.3.0] AndroidManifest.xml:33:17-109
184                android:value="com.google.firebase.components.ComponentRegistrar" />
184-->[com.google.firebase:firebase-database:20.3.0] AndroidManifest.xml:34:17-82
185            <meta-data
185-->[com.google.firebase:firebase-storage:20.3.0] AndroidManifest.xml:30:13-32:85
186                android:name="com.google.firebase.components:com.google.firebase.storage.FirebaseStorageKtxRegistrar"
186-->[com.google.firebase:firebase-storage:20.3.0] AndroidManifest.xml:31:17-118
187                android:value="com.google.firebase.components.ComponentRegistrar" />
187-->[com.google.firebase:firebase-storage:20.3.0] AndroidManifest.xml:32:17-82
188            <meta-data
188-->[com.google.firebase:firebase-storage:20.3.0] AndroidManifest.xml:33:13-35:85
189                android:name="com.google.firebase.components:com.google.firebase.storage.StorageRegistrar"
189-->[com.google.firebase:firebase-storage:20.3.0] AndroidManifest.xml:34:17-107
190                android:value="com.google.firebase.components.ComponentRegistrar" />
190-->[com.google.firebase:firebase-storage:20.3.0] AndroidManifest.xml:35:17-82
191            <meta-data
191-->[com.google.firebase:firebase-appcheck:17.1.0] AndroidManifest.xml:25:13-27:85
192                android:name="com.google.firebase.components:com.google.firebase.appcheck.FirebaseAppCheckKtxRegistrar"
192-->[com.google.firebase:firebase-appcheck:17.1.0] AndroidManifest.xml:26:17-120
193                android:value="com.google.firebase.components.ComponentRegistrar" />
193-->[com.google.firebase:firebase-appcheck:17.1.0] AndroidManifest.xml:27:17-82
194            <meta-data
194-->[com.google.firebase:firebase-appcheck:17.1.0] AndroidManifest.xml:28:13-30:85
195                android:name="com.google.firebase.components:com.google.firebase.appcheck.FirebaseAppCheckRegistrar"
195-->[com.google.firebase:firebase-appcheck:17.1.0] AndroidManifest.xml:29:17-117
196                android:value="com.google.firebase.components.ComponentRegistrar" />
196-->[com.google.firebase:firebase-appcheck:17.1.0] AndroidManifest.xml:30:17-82
197            <meta-data
197-->[com.google.firebase:firebase-common-ktx:20.4.2] AndroidManifest.xml:12:13-14:85
198                android:name="com.google.firebase.components:com.google.firebase.ktx.FirebaseCommonLegacyRegistrar"
198-->[com.google.firebase:firebase-common-ktx:20.4.2] AndroidManifest.xml:13:17-116
199                android:value="com.google.firebase.components.ComponentRegistrar" />
199-->[com.google.firebase:firebase-common-ktx:20.4.2] AndroidManifest.xml:14:17-82
200            <meta-data
200-->[com.google.firebase:firebase-common:20.4.2] AndroidManifest.xml:35:13-37:85
201                android:name="com.google.firebase.components:com.google.firebase.FirebaseCommonKtxRegistrar"
201-->[com.google.firebase:firebase-common:20.4.2] AndroidManifest.xml:36:17-109
202                android:value="com.google.firebase.components.ComponentRegistrar" />
202-->[com.google.firebase:firebase-common:20.4.2] AndroidManifest.xml:37:17-82
203        </service> <!-- Needs to be explicitly declared on P+ -->
204        <uses-library
204-->[com.google.android.gms:play-services-maps:18.2.0] AndroidManifest.xml:39:9-41:40
205            android:name="org.apache.http.legacy"
205-->[com.google.android.gms:play-services-maps:18.2.0] AndroidManifest.xml:40:13-50
206            android:required="false" />
206-->[com.google.android.gms:play-services-maps:18.2.0] AndroidManifest.xml:41:13-37
207
208        <provider
208-->[com.google.firebase:firebase-common:20.4.2] AndroidManifest.xml:23:9-28:39
209            android:name="com.google.firebase.provider.FirebaseInitProvider"
209-->[com.google.firebase:firebase-common:20.4.2] AndroidManifest.xml:24:13-77
210            android:authorities="com.android.bloomroomapp.firebaseinitprovider"
210-->[com.google.firebase:firebase-common:20.4.2] AndroidManifest.xml:25:13-72
211            android:directBootAware="true"
211-->[com.google.firebase:firebase-common:20.4.2] AndroidManifest.xml:26:13-43
212            android:exported="false"
212-->[com.google.firebase:firebase-common:20.4.2] AndroidManifest.xml:27:13-37
213            android:initOrder="100" />
213-->[com.google.firebase:firebase-common:20.4.2] AndroidManifest.xml:28:13-36
214
215        <activity
215-->[com.google.android.gms:play-services-base:18.1.0] AndroidManifest.xml:20:9-22:45
216            android:name="com.google.android.gms.common.api.GoogleApiActivity"
216-->[com.google.android.gms:play-services-base:18.1.0] AndroidManifest.xml:20:19-85
217            android:exported="false"
217-->[com.google.android.gms:play-services-base:18.1.0] AndroidManifest.xml:22:19-43
218            android:theme="@android:style/Theme.Translucent.NoTitleBar" />
218-->[com.google.android.gms:play-services-base:18.1.0] AndroidManifest.xml:21:19-78
219
220        <provider
220-->[androidx.emoji2:emoji2:1.2.0] AndroidManifest.xml:24:9-32:20
221            android:name="androidx.startup.InitializationProvider"
221-->[androidx.emoji2:emoji2:1.2.0] AndroidManifest.xml:25:13-67
222            android:authorities="com.android.bloomroomapp.androidx-startup"
222-->[androidx.emoji2:emoji2:1.2.0] AndroidManifest.xml:26:13-68
223            android:exported="false" >
223-->[androidx.emoji2:emoji2:1.2.0] AndroidManifest.xml:27:13-37
224            <meta-data
224-->[androidx.emoji2:emoji2:1.2.0] AndroidManifest.xml:29:13-31:52
225                android:name="androidx.emoji2.text.EmojiCompatInitializer"
225-->[androidx.emoji2:emoji2:1.2.0] AndroidManifest.xml:30:17-75
226                android:value="androidx.startup" />
226-->[androidx.emoji2:emoji2:1.2.0] AndroidManifest.xml:31:17-49
227            <meta-data
227-->[androidx.lifecycle:lifecycle-process:2.6.2] AndroidManifest.xml:29:13-31:52
228                android:name="androidx.lifecycle.ProcessLifecycleInitializer"
228-->[androidx.lifecycle:lifecycle-process:2.6.2] AndroidManifest.xml:30:17-78
229                android:value="androidx.startup" />
229-->[androidx.lifecycle:lifecycle-process:2.6.2] AndroidManifest.xml:31:17-49
230            <meta-data
230-->[androidx.profileinstaller:profileinstaller:1.3.0] AndroidManifest.xml:29:13-31:52
231                android:name="androidx.profileinstaller.ProfileInstallerInitializer"
231-->[androidx.profileinstaller:profileinstaller:1.3.0] AndroidManifest.xml:30:17-85
232                android:value="androidx.startup" />
232-->[androidx.profileinstaller:profileinstaller:1.3.0] AndroidManifest.xml:31:17-49
233        </provider>
234
235        <uses-library
235-->[androidx.window:window:1.0.0] AndroidManifest.xml:25:9-27:40
236            android:name="androidx.window.extensions"
236-->[androidx.window:window:1.0.0] AndroidManifest.xml:26:13-54
237            android:required="false" />
237-->[androidx.window:window:1.0.0] AndroidManifest.xml:27:13-37
238        <uses-library
238-->[androidx.window:window:1.0.0] AndroidManifest.xml:28:9-30:40
239            android:name="androidx.window.sidecar"
239-->[androidx.window:window:1.0.0] AndroidManifest.xml:29:13-51
240            android:required="false" />
240-->[androidx.window:window:1.0.0] AndroidManifest.xml:30:13-37
241
242        <meta-data
242-->[com.google.android.gms:play-services-basement:18.1.0] AndroidManifest.xml:21:9-23:69
243            android:name="com.google.android.gms.version"
243-->[com.google.android.gms:play-services-basement:18.1.0] AndroidManifest.xml:22:13-58
244            android:value="@integer/google_play_services_version" />
244-->[com.google.android.gms:play-services-basement:18.1.0] AndroidManifest.xml:23:13-66
245
246        <provider
246-->[com.squareup.picasso:picasso:2.71828] AndroidManifest.xml:8:9-11:40
247            android:name="com.squareup.picasso.PicassoProvider"
247-->[com.squareup.picasso:picasso:2.71828] AndroidManifest.xml:9:13-64
248            android:authorities="com.android.bloomroomapp.com.squareup.picasso"
248-->[com.squareup.picasso:picasso:2.71828] AndroidManifest.xml:10:13-72
249            android:exported="false" />
249-->[com.squareup.picasso:picasso:2.71828] AndroidManifest.xml:11:13-37
250
251        <service
251-->[com.google.android.datatransport:transport-backend-cct:2.3.0] AndroidManifest.xml:29:9-35:19
252            android:name="com.google.android.datatransport.runtime.backends.TransportBackendDiscovery"
252-->[com.google.android.datatransport:transport-backend-cct:2.3.0] AndroidManifest.xml:30:13-103
253            android:exported="false" >
253-->[com.google.android.datatransport:transport-backend-cct:2.3.0] AndroidManifest.xml:31:13-37
254            <meta-data
254-->[com.google.android.datatransport:transport-backend-cct:2.3.0] AndroidManifest.xml:32:13-34:39
255                android:name="backend:com.google.android.datatransport.cct.CctBackendFactory"
255-->[com.google.android.datatransport:transport-backend-cct:2.3.0] AndroidManifest.xml:33:17-94
256                android:value="cct" />
256-->[com.google.android.datatransport:transport-backend-cct:2.3.0] AndroidManifest.xml:34:17-36
257        </service>
258        <service
258-->[com.google.android.datatransport:transport-runtime:2.2.3] AndroidManifest.xml:26:9-30:19
259            android:name="com.google.android.datatransport.runtime.scheduling.jobscheduling.JobInfoSchedulerService"
259-->[com.google.android.datatransport:transport-runtime:2.2.3] AndroidManifest.xml:27:13-117
260            android:exported="false"
260-->[com.google.android.datatransport:transport-runtime:2.2.3] AndroidManifest.xml:28:13-37
261            android:permission="android.permission.BIND_JOB_SERVICE" >
261-->[com.google.android.datatransport:transport-runtime:2.2.3] AndroidManifest.xml:29:13-69
262        </service>
263
264        <receiver
264-->[com.google.android.datatransport:transport-runtime:2.2.3] AndroidManifest.xml:32:9-34:40
265            android:name="com.google.android.datatransport.runtime.scheduling.jobscheduling.AlarmManagerSchedulerBroadcastReceiver"
265-->[com.google.android.datatransport:transport-runtime:2.2.3] AndroidManifest.xml:33:13-132
266            android:exported="false" />
266-->[com.google.android.datatransport:transport-runtime:2.2.3] AndroidManifest.xml:34:13-37
267        <receiver
267-->[androidx.profileinstaller:profileinstaller:1.3.0] AndroidManifest.xml:34:9-52:20
268            android:name="androidx.profileinstaller.ProfileInstallReceiver"
268-->[androidx.profileinstaller:profileinstaller:1.3.0] AndroidManifest.xml:35:13-76
269            android:directBootAware="false"
269-->[androidx.profileinstaller:profileinstaller:1.3.0] AndroidManifest.xml:36:13-44
270            android:enabled="true"
270-->[androidx.profileinstaller:profileinstaller:1.3.0] AndroidManifest.xml:37:13-35
271            android:exported="true"
271-->[androidx.profileinstaller:profileinstaller:1.3.0] AndroidManifest.xml:38:13-36
272            android:permission="android.permission.DUMP" >
272-->[androidx.profileinstaller:profileinstaller:1.3.0] AndroidManifest.xml:39:13-57
273            <intent-filter>
273-->[androidx.profileinstaller:profileinstaller:1.3.0] AndroidManifest.xml:40:13-42:29
274                <action android:name="androidx.profileinstaller.action.INSTALL_PROFILE" />
274-->[androidx.profileinstaller:profileinstaller:1.3.0] AndroidManifest.xml:41:17-91
274-->[androidx.profileinstaller:profileinstaller:1.3.0] AndroidManifest.xml:41:25-88
275            </intent-filter>
276            <intent-filter>